<?xml version="1.0" encoding="UTF-8"?>
<coverage generated="1762817477409" clover="3.2.0">
  <project timestamp="1762817477409" name="All files">
    <metrics statements="16" coveredstatements="16" conditionals="11" coveredconditionals="11" methods="3" coveredmethods="3" elements="30" coveredelements="30" complexity="0" loc="16" ncloc="16" packages="2" files="2" classes="2"/>
    <package name="azure-functions">
      <metrics statements="1" coveredstatements="1" conditionals="0" coveredconditionals="0" methods="1" coveredmethods="1"/>
      <file name="sum.js" path="C:\Users\MatthewHung\repos\itam-api-documentation\azure-functions\sum.js">
        <metrics statements="1" coveredstatements="1" conditionals="0" coveredconditionals="0" methods="1" coveredmethods="1"/>
        <line num="2" count="1" type="stmt"/>
      </file>
    </package>
    <package name="azure-functions.helperFunctions">
      <metrics statements="15" coveredstatements="15" conditionals="11" coveredconditionals="11" methods="2" coveredmethods="2"/>
      <file name="filterDict.js" path="C:\Users\MatthewHung\repos\itam-api-documentation\azure-functions\helperFunctions\filterDict.js">
        <metrics statements="15" coveredstatements="15" conditionals="11" coveredconditionals="11" methods="2" coveredmethods="2"/>
        <line num="2" count="6" type="stmt"/>
        <line num="3" count="6" type="stmt"/>
        <line num="5" count="6" type="stmt"/>
        <line num="24" count="6" type="stmt"/>
        <line num="25" count="10" type="cond" truecount="2" falsecount="0"/>
        <line num="27" count="9" type="stmt"/>
        <line num="29" count="9" type="cond" truecount="4" falsecount="0"/>
        <line num="31" count="8" type="stmt"/>
        <line num="33" count="8" type="cond" truecount="5" falsecount="0"/>
        <line num="34" count="1" type="stmt"/>
        <line num="36" count="7" type="stmt"/>
        <line num="41" count="6" type="stmt"/>
        <line num="44" count="8" type="stmt"/>
        <line num="45" count="8" type="stmt"/>
        <line num="49" count="6" type="stmt"/>
      </file>
    </package>
  </project>
</coverage>
