{"C:\\Users\\MatthewHung\\repos\\itam-api-documentation\\azure-functions\\sum.js": {"path":"C:\\Users\\MatthewHung\\repos\\itam-api-documentation\\azure-functions\\sum.js","statementMap":{"0":{"start":{"line":2,"column":2},"end":{"line":2,"column":15}}},"fnMap":{"0":{"name":"sum","decl":{"start":{"line":1,"column":16},"end":{"line":1,"column":19}},"loc":{"start":{"line":1,"column":26},"end":{"line":3,"column":1}},"line":1}},"branchMap":{},"s":{"0":1},"f":{"0":1},"b":{},"_coverageSchema":"1a1c01bbd47fc00a2c39e90264f33305004495a9","hash":"d17acbf8e05efa449a581dae642e9d48b9bdf9aa"}
,"C:\\Users\\MatthewHung\\repos\\itam-api-documentation\\azure-functions\\helperFunctions\\filterDict.js": {"path":"C:\\Users\\MatthewHung\\repos\\itam-api-documentation\\azure-functions\\helperFunctions\\filterDict.js","statementMap":{"0":{"start":{"line":2,"column":18},"end":{"line":2,"column":20}},"1":{"start":{"line":3,"column":20},"end":{"line":3,"column":83}},"2":{"start":{"line":5,"column":17},"end":{"line":22,"column":3}},"3":{"start":{"line":24,"column":2},"end":{"line":38,"column":3}},"4":{"start":{"line":25,"column":4},"end":{"line":25,"column":35}},"5":{"start":{"line":25,"column":26},"end":{"line":25,"column":35}},"6":{"start":{"line":27,"column":18},"end":{"line":27,"column":27}},"7":{"start":{"line":29,"column":4},"end":{"line":29,"column":69}},"8":{"start":{"line":29,"column":60},"end":{"line":29,"column":69}},"9":{"start":{"line":31,"column":22},"end":{"line":31,"column":33}},"10":{"start":{"line":33,"column":4},"end":{"line":37,"column":5}},"11":{"start":{"line":34,"column":6},"end":{"line":34,"column":51}},"12":{"start":{"line":36,"column":6},"end":{"line":36,"column":33}},"13":{"start":{"line":41,"column":24},"end":{"line":46,"column":10}},"14":{"start":{"line":44,"column":6},"end":{"line":44,"column":30}},"15":{"start":{"line":45,"column":6},"end":{"line":45,"column":17}},"16":{"start":{"line":49,"column":2},"end":{"line":49,"column":23}}},"fnMap":{"0":{"name":"filterDictionary","decl":{"start":{"line":1,"column":16},"end":{"line":1,"column":32}},"loc":{"start":{"line":1,"column":39},"end":{"line":50,"column":1}},"line":1},"1":{"name":"(anonymous_1)","decl":{"start":{"line":43,"column":12},"end":{"line":43,"column":13}},"loc":{"start":{"line":43,"column":26},"end":{"line":46,"column":5}},"line":43}},"branchMap":{"0":{"loc":{"start":{"line":25,"column":4},"end":{"line":25,"column":35}},"type":"if","locations":[{"start":{"line":25,"column":4},"end":{"line":25,"column":35}},{"start":{},"end":{}}],"line":25},"1":{"loc":{"start":{"line":29,"column":4},"end":{"line":29,"column":69}},"type":"if","locations":[{"start":{"line":29,"column":4},"end":{"line":29,"column":69}},{"start":{},"end":{}}],"line":29},"2":{"loc":{"start":{"line":29,"column":8},"end":{"line":29,"column":58}},"type":"binary-expr","locations":[{"start":{"line":29,"column":8},"end":{"line":29,"column":33}},{"start":{"line":29,"column":37},"end":{"line":29,"column":58}}],"line":29},"3":{"loc":{"start":{"line":33,"column":4},"end":{"line":37,"column":5}},"type":"if","locations":[{"start":{"line":33,"column":4},"end":{"line":37,"column":5}},{"start":{"line":35,"column":11},"end":{"line":37,"column":5}}],"line":33},"4":{"loc":{"start":{"line":33,"column":8},"end":{"line":33,"column":67}},"type":"binary-expr","locations":[{"start":{"line":33,"column":8},"end":{"line":33,"column":13}},{"start":{"line":33,"column":17},"end":{"line":33,"column":42}},{"start":{"line":33,"column":46},"end":{"line":33,"column":67}}],"line":33}},"s":{"0":6,"1":6,"2":6,"3":6,"4":10,"5":1,"6":9,"7":9,"8":1,"9":8,"10":8,"11":1,"12":7,"13":6,"14":8,"15":8,"16":6},"f":{"0":6,"1":8},"b":{"0":[1,9],"1":[1,8],"2":[9,8],"3":[1,7],"4":[8,8,1]},"_coverageSchema":"1a1c01bbd47fc00a2c39e90264f33305004495a9","hash":"8642a22477f91b6990b1e6edb5ee31ee7d2bfb20"}
}
