TN:
SF:.prettierrc.js
FNF:0
FNH:0
DA:1,0
LF:1
LH:0
BRF:0
BRH:0
end_of_record
TN:
SF:azure-functions\assetAssignments.js
FN:9,assignmentsHandler
FNF:1
FNH:1
FNDA:4,assignmentsHandler
DA:6,1
DA:10,4
DA:11,4
DA:12,4
DA:13,1
DA:22,3
DA:26,3
DA:27,2
DA:28,2
DA:29,2
DA:34,1
DA:40,3
DA:41,3
DA:50,2
DA:55,1
DA:56,1
DA:58,1
DA:68,1
LF:18
LH:18
BRDA:12,0,0,1
BRDA:12,0,1,3
BRDA:26,1,0,2
BRDA:26,1,1,1
BRDA:55,2,0,1
BRDA:55,2,1,0
BRDA:55,3,0,0
BRDA:55,3,1,0
BRDA:56,4,0,1
BRDA:56,4,1,0
BRDA:62,5,0,1
BRDA:62,5,1,0
BRDA:62,6,0,1
BRDA:62,6,1,0
BRF:14
BRH:8
end_of_record
TN:
SF:azure-functions\authTest.js
FN:3,authTest
FNF:1
FNH:0
FNDA:0,authTest
DA:4,0
DA:12,0
LF:2
LH:0
BRF:0
BRH:0
end_of_record
TN:
SF:azure-functions\helloworld.js
FN:11,(anonymous_0)
FNF:1
FNH:0
FNDA:0,(anonymous_0)
DA:5,0
DA:8,0
DA:12,0
DA:13,0
LF:4
LH:0
BRDA:12,0,0,0
BRDA:12,0,1,0
BRF:2
BRH:0
end_of_record
TN:
SF:azure-functions\index.js
FNF:0
FNH:0
DA:12,0
LF:1
LH:0
BRF:0
BRH:0
end_of_record
TN:
SF:azure-functions\oauth.js
FN:6,getToken
FNF:1
FNH:1
FNDA:2,getToken
DA:3,2
DA:7,2
DA:9,2
DA:11,2
DA:12,2
DA:13,2
DA:14,2
DA:15,2
DA:17,2
DA:18,2
DA:19,1
DA:21,1
DA:22,1
LF:13
LH:13
BRDA:21,0,0,1
BRDA:21,0,1,0
BRF:2
BRH:1
end_of_record
TN:
SF:azure-functions\queryAsset.js
FN:13,(anonymous_0)
FNF:1
FNH:0
FNDA:0,(anonymous_0)
DA:6,0
DA:9,0
DA:14,0
DA:15,0
DA:16,0
DA:17,0
DA:18,0
DA:27,0
DA:29,0
DA:37,0
DA:39,0
DA:40,0
DA:49,0
DA:54,0
DA:55,0
DA:57,0
LF:16
LH:0
BRDA:17,0,0,0
BRDA:17,0,1,0
BRDA:39,1,0,0
BRDA:39,1,1,0
BRDA:54,2,0,0
BRDA:54,2,1,0
BRDA:55,3,0,0
BRDA:55,3,1,0
BRDA:61,4,0,0
BRDA:61,4,1,0
BRF:10
BRH:0
end_of_record
TN:
SF:azure-functions\queryAssets.js
FN:11,(anonymous_0)
FNF:1
FNH:0
FNDA:0,(anonymous_0)
DA:5,0
DA:7,0
DA:12,0
DA:13,0
DA:14,0
DA:15,0
DA:24,0
DA:25,0
DA:26,0
DA:28,0
DA:30,0
DA:32,0
DA:34,0
DA:36,0
DA:37,0
DA:40,0
DA:41,0
DA:44,0
DA:45,0
DA:49,0
DA:56,0
DA:61,0
DA:62,0
DA:64,0
LF:24
LH:0
BRDA:14,0,0,0
BRDA:14,0,1,0
BRDA:30,1,0,0
BRDA:30,1,1,0
BRDA:36,2,0,0
BRDA:36,2,1,0
BRDA:40,3,0,0
BRDA:40,3,1,0
BRDA:40,4,0,0
BRDA:40,4,1,0
BRDA:44,5,0,0
BRDA:44,5,1,0
BRDA:61,6,0,0
BRDA:61,6,1,0
BRDA:62,7,0,0
BRDA:62,7,1,0
BRDA:68,8,0,0
BRDA:68,8,1,0
BRF:18
BRH:0
end_of_record
TN:
SF:azure-functions\sum.js
FN:1,sum
FNF:1
FNH:1
FNDA:1,sum
DA:2,1
LF:1
LH:1
BRF:0
BRH:0
end_of_record
TN:
SF:azure-functions\testAuth.js
FN:10,(anonymous_0)
FNF:1
FNH:0
FNDA:0,(anonymous_0)
DA:5,0
DA:7,0
DA:11,0
DA:12,0
DA:13,0
DA:21,0
DA:22,0
LF:7
LH:0
BRF:0
BRH:0
end_of_record
TN:
SF:azure-functions\helperFunctions\filterDict.js
FN:1,filterDictionary
FN:43,(anonymous_1)
FNF:2
FNH:2
FNDA:6,filterDictionary
FNDA:8,(anonymous_1)
DA:2,6
DA:3,6
DA:5,6
DA:24,6
DA:25,10
DA:27,9
DA:29,9
DA:31,8
DA:33,8
DA:34,1
DA:36,7
DA:41,6
DA:44,8
DA:45,8
DA:49,6
LF:15
LH:15
BRDA:25,0,0,1
BRDA:25,0,1,9
BRDA:29,1,0,1
BRDA:29,1,1,8
BRDA:29,2,0,9
BRDA:29,2,1,8
BRDA:33,3,0,1
BRDA:33,3,1,7
BRDA:33,4,0,8
BRDA:33,4,1,8
BRDA:33,4,2,1
BRF:11
BRH:11
end_of_record
TN:
SF:azure-functions\helperFunctions\userHelpers.js
FN:6,giveMeRowId
FNF:1
FNH:0
FNDA:0,giveMeRowId
DA:4,1
DA:7,0
DA:9,0
DA:10,0
DA:17,0
DA:18,0
LF:6
LH:1
BRF:0
BRH:0
end_of_record
TN:
SF:sandbox\testXRM.js
FN:12,success
FN:24,(anonymous_1)
FNF:2
FNH:0
FNDA:0,success
FNDA:0,(anonymous_1)
DA:11,0
DA:13,0
DA:14,0
DA:15,0
DA:17,0
DA:18,0
DA:19,0
DA:20,0
DA:21,0
DA:25,0
LF:10
LH:0
BRF:0
BRH:0
end_of_record
TN:
SF:src\index.js
FN:11,testOAuth
FNF:1
FNH:0
FNDA:0,testOAuth
DA:7,0
DA:9,0
DA:12,0
DA:13,0
DA:14,0
DA:16,0
DA:20,0
LF:7
LH:0
BRDA:16,0,0,0
BRDA:16,0,1,0
BRF:2
BRH:0
end_of_record
TN:
SF:src\auth\oauth.js
FN:8,getToken
FNF:1
FNH:0
FNDA:0,getToken
DA:2,0
DA:9,0
DA:11,0
DA:13,0
DA:14,0
DA:15,0
DA:16,0
DA:17,0
DA:19,0
DA:20,0
DA:21,0
DA:23,0
DA:24,0
DA:28,0
LF:14
LH:0
BRDA:23,0,0,0
BRDA:23,0,1,0
BRF:2
BRH:0
end_of_record
